<?xml version="1.0" encoding="UTF-8"?>
<testsuite xmlns:xsi="http://www.w3.org/2001/XMLSchema-instance" xsi:noNamespaceSchemaLocation="https://maven.apache.org/surefire/maven-surefire-plugin/xsd/surefire-test-report-3.0.xsd" version="3.0" name="TestSuite" time="3.326" tests="1" errors="0" skipped="0" failures="0">
  <properties>
    <property name="java.specification.version" value="21"/>
    <property name="sun.cpu.isalist" value="amd64"/>
    <property name="sun.jnu.encoding" value="Cp1252"/>
    <property name="java.class.path" value="C:\RestAssuredTest1\target\test-classes;C:\RestAssuredTest1\target\classes;C:\Users\sakri\.m2\repository\org\slf4j\slf4j-simple\2.0.7\slf4j-simple-2.0.7.jar;C:\Users\sakri\.m2\repository\org\slf4j\slf4j-api\2.0.7\slf4j-api-2.0.7.jar;C:\Users\sakri\.m2\repository\io\rest-assured\rest-assured\5.3.1\rest-assured-5.3.1.jar;C:\Users\sakri\.m2\repository\org\apache\groovy\groovy\4.0.11\groovy-4.0.11.jar;C:\Users\sakri\.m2\repository\org\apache\groovy\groovy-xml\4.0.11\groovy-xml-4.0.11.jar;C:\Users\sakri\.m2\repository\org\apache\httpcomponents\httpclient\4.5.13\httpclient-4.5.13.jar;C:\Users\sakri\.m2\repository\org\apache\httpcomponents\httpcore\4.4.13\httpcore-4.4.13.jar;C:\Users\sakri\.m2\repository\commons-logging\commons-logging\1.2\commons-logging-1.2.jar;C:\Users\sakri\.m2\repository\commons-codec\commons-codec\1.11\commons-codec-1.11.jar;C:\Users\sakri\.m2\repository\org\apache\httpcomponents\httpmime\4.5.13\httpmime-4.5.13.jar;C:\Users\sakri\.m2\repository\org\hamcrest\hamcrest\2.2\hamcrest-2.2.jar;C:\Users\sakri\.m2\repository\org\ccil\cowan\tagsoup\tagsoup\1.2.1\tagsoup-1.2.1.jar;C:\Users\sakri\.m2\repository\io\rest-assured\json-path\5.3.1\json-path-5.3.1.jar;C:\Users\sakri\.m2\repository\org\apache\groovy\groovy-json\4.0.11\groovy-json-4.0.11.jar;C:\Users\sakri\.m2\repository\io\rest-assured\rest-assured-common\5.3.1\rest-assured-common-5.3.1.jar;C:\Users\sakri\.m2\repository\io\rest-assured\xml-path\5.3.1\xml-path-5.3.1.jar;C:\Users\sakri\.m2\repository\org\apache\commons\commons-lang3\3.11\commons-lang3-3.11.jar;C:\Users\sakri\.m2\repository\org\apache\logging\log4j\log4j-slf4j-impl\3.0.0-beta2\log4j-slf4j-impl-3.0.0-beta2.jar;C:\Users\sakri\.m2\repository\org\apache\logging\log4j\log4j-api\3.0.0-beta2\log4j-api-3.0.0-beta2.jar;C:\Users\sakri\.m2\repository\org\apache\logging\log4j\log4j-core\3.0.0-beta2\log4j-core-3.0.0-beta2.jar;C:\Users\sakri\.m2\repository\org\apache\logging\log4j\log4j-plugins\3.0.0-beta2\log4j-plugins-3.0.0-beta2.jar;C:\Users\sakri\.m2\repository\org\testng\testng\7.11.0\testng-7.11.0.jar;C:\Users\sakri\.m2\repository\org\jcommander\jcommander\1.83\jcommander-1.83.jar;C:\Users\sakri\.m2\repository\org\webjars\jquery\3.7.1\jquery-3.7.1.jar;C:\Users\sakri\.m2\repository\org\hamcrest\hamcrest-library\2.2\hamcrest-library-2.2.jar;C:\Users\sakri\.m2\repository\org\hamcrest\hamcrest-core\2.2\hamcrest-core-2.2.jar;C:\Users\sakri\.m2\repository\junit\junit\4.13.2\junit-4.13.2.jar;"/>
    <property name="java.vm.vendor" value="Oracle Corporation"/>
    <property name="sun.arch.data.model" value="64"/>
    <property name="user.variant" value=""/>
    <property name="java.vendor.url" value="https://java.oracle.com/"/>
    <property name="user.timezone" value="America/Toronto"/>
    <property name="os.name" value="Windows 11"/>
    <property name="java.vm.specification.version" value="21"/>
    <property name="sun.java.launcher" value="SUN_STANDARD"/>
    <property name="user.country" value="CA"/>
    <property name="sun.boot.library.path" value="C:\Program Files\Java\jdk-21\bin"/>
    <property name="sun.java.command" value="C:\Users\sakri\AppData\Local\Temp\surefire1631270762685925191\surefirebooter-20250321141526505_3.jar C:\Users\sakri\AppData\Local\Temp\surefire1631270762685925191 2025-03-21T14-15-26_280-jvmRun1 surefire-20250321141526505_1tmp surefire_0-20250321141526505_2tmp"/>
    <property name="jdk.debug" value="release"/>
    <property name="surefire.test.class.path" value="C:\RestAssuredTest1\target\test-classes;C:\RestAssuredTest1\target\classes;C:\Users\sakri\.m2\repository\org\slf4j\slf4j-simple\2.0.7\slf4j-simple-2.0.7.jar;C:\Users\sakri\.m2\repository\org\slf4j\slf4j-api\2.0.7\slf4j-api-2.0.7.jar;C:\Users\sakri\.m2\repository\io\rest-assured\rest-assured\5.3.1\rest-assured-5.3.1.jar;C:\Users\sakri\.m2\repository\org\apache\groovy\groovy\4.0.11\groovy-4.0.11.jar;C:\Users\sakri\.m2\repository\org\apache\groovy\groovy-xml\4.0.11\groovy-xml-4.0.11.jar;C:\Users\sakri\.m2\repository\org\apache\httpcomponents\httpclient\4.5.13\httpclient-4.5.13.jar;C:\Users\sakri\.m2\repository\org\apache\httpcomponents\httpcore\4.4.13\httpcore-4.4.13.jar;C:\Users\sakri\.m2\repository\commons-logging\commons-logging\1.2\commons-logging-1.2.jar;C:\Users\sakri\.m2\repository\commons-codec\commons-codec\1.11\commons-codec-1.11.jar;C:\Users\sakri\.m2\repository\org\apache\httpcomponents\httpmime\4.5.13\httpmime-4.5.13.jar;C:\Users\sakri\.m2\repository\org\hamcrest\hamcrest\2.2\hamcrest-2.2.jar;C:\Users\sakri\.m2\repository\org\ccil\cowan\tagsoup\tagsoup\1.2.1\tagsoup-1.2.1.jar;C:\Users\sakri\.m2\repository\io\rest-assured\json-path\5.3.1\json-path-5.3.1.jar;C:\Users\sakri\.m2\repository\org\apache\groovy\groovy-json\4.0.11\groovy-json-4.0.11.jar;C:\Users\sakri\.m2\repository\io\rest-assured\rest-assured-common\5.3.1\rest-assured-common-5.3.1.jar;C:\Users\sakri\.m2\repository\io\rest-assured\xml-path\5.3.1\xml-path-5.3.1.jar;C:\Users\sakri\.m2\repository\org\apache\commons\commons-lang3\3.11\commons-lang3-3.11.jar;C:\Users\sakri\.m2\repository\org\apache\logging\log4j\log4j-slf4j-impl\3.0.0-beta2\log4j-slf4j-impl-3.0.0-beta2.jar;C:\Users\sakri\.m2\repository\org\apache\logging\log4j\log4j-api\3.0.0-beta2\log4j-api-3.0.0-beta2.jar;C:\Users\sakri\.m2\repository\org\apache\logging\log4j\log4j-core\3.0.0-beta2\log4j-core-3.0.0-beta2.jar;C:\Users\sakri\.m2\repository\org\apache\logging\log4j\log4j-plugins\3.0.0-beta2\log4j-plugins-3.0.0-beta2.jar;C:\Users\sakri\.m2\repository\org\testng\testng\7.11.0\testng-7.11.0.jar;C:\Users\sakri\.m2\repository\org\jcommander\jcommander\1.83\jcommander-1.83.jar;C:\Users\sakri\.m2\repository\org\webjars\jquery\3.7.1\jquery-3.7.1.jar;C:\Users\sakri\.m2\repository\org\hamcrest\hamcrest-library\2.2\hamcrest-library-2.2.jar;C:\Users\sakri\.m2\repository\org\hamcrest\hamcrest-core\2.2\hamcrest-core-2.2.jar;C:\Users\sakri\.m2\repository\junit\junit\4.13.2\junit-4.13.2.jar;"/>
    <property name="sun.cpu.endian" value="little"/>
    <property name="user.home" value="C:\Users\sakri"/>
    <property name="user.language" value="en"/>
    <property name="java.specification.vendor" value="Oracle Corporation"/>
    <property name="java.version.date" value="2024-07-16"/>
    <property name="java.home" value="C:\Program Files\Java\jdk-21"/>
    <property name="file.separator" value="\"/>
    <property name="basedir" value="C:\RestAssuredTest1"/>
    <property name="java.vm.compressedOopsMode" value="Zero based"/>
    <property name="line.separator" value="&#10;"/>
    <property name="java.vm.specification.vendor" value="Oracle Corporation"/>
    <property name="java.specification.name" value="Java Platform API Specification"/>
    <property name="surefire.real.class.path" value="C:\Users\sakri\AppData\Local\Temp\surefire1631270762685925191\surefirebooter-20250321141526505_3.jar"/>
    <property name="user.script" value=""/>
    <property name="sun.management.compiler" value="HotSpot 64-Bit Tiered Compilers"/>
    <property name="java.runtime.version" value="21.0.4+8-LTS-274"/>
    <property name="user.name" value="sakri"/>
    <property name="stdout.encoding" value="Cp1252"/>
    <property name="path.separator" value=";"/>
    <property name="os.version" value="10.0"/>
    <property name="java.runtime.name" value="Java(TM) SE Runtime Environment"/>
    <property name="file.encoding" value="UTF-8"/>
    <property name="java.vm.name" value="Java HotSpot(TM) 64-Bit Server VM"/>
    <property name="localRepository" value="C:\Users\sakri\.m2\repository"/>
    <property name="java.vendor.url.bug" value="https://bugreport.java.com/bugreport/"/>
    <property name="java.io.tmpdir" value="C:\Users\sakri\AppData\Local\Temp\"/>
    <property name="java.version" value="21.0.4"/>
    <property name="user.dir" value="C:\RestAssuredTest1"/>
    <property name="os.arch" value="amd64"/>
    <property name="java.vm.specification.name" value="Java Virtual Machine Specification"/>
    <property name="sun.os.patch.level" value=""/>
    <property name="native.encoding" value="Cp1252"/>
    <property name="java.library.path" value="C:\Program Files\Java\jdk-21\bin;C:\WINDOWS\Sun\Java\bin;C:\WINDOWS\system32;C:\WINDOWS;C:\Program Files\Common Files\Oracle\Java\javapath;C:\Program Files (x86)\Common Files\Oracle\Java\javapath;C:\WINDOWS\system32;C:\WINDOWS;C:\WINDOWS\System32\Wbem;C:\WINDOWS\System32\WindowsPowerShell\v1.0\;C:\WINDOWS\System32\OpenSSH\;C:\Program Files\Java\jdk-21\bin;C:\Program Files\apache-maven-3.9.8\bin;C:\Program Files\Git\cmd;C:\apache-jmeter-5.6.3\bin;C:\Program Files\MySQL\MySQL Shell 8.0\bin\;C:\Users\sakri\AppData\Local\Microsoft\WindowsApps;C:\Users\sakri\AppData\Local\Programs\Microsoft VS Code\bin;C:\Program Files\JetBrains\IntelliJ IDEA 2023.3.4\bin;;C:\Program Files\JetBrains\IntelliJ IDEA Community Edition 2024.1.2\bin;;;."/>
    <property name="java.vm.info" value="mixed mode, sharing"/>
    <property name="stderr.encoding" value="Cp1252"/>
    <property name="java.vendor" value="Oracle Corporation"/>
    <property name="java.vm.version" value="21.0.4+8-LTS-274"/>
    <property name="sun.io.unicode.encoding" value="UnicodeLittle"/>
    <property name="java.class.version" value="65.0"/>
  </properties>
  <testcase name="verifyStatusCode" classname="com.test.MainTest" time="2.537">
    <system-out><![CDATA[Request method:	GET
Request URI:	http://localhost:8080/books
Proxy:			<none>
Request params:	<none>
Query params:	<none>
Form params:	<none>
Path params:	<none>
Headers:		Authorization=Basic dXNlcjpwYXNzd29yZA==
				Accept=*/*
Cookies:		<none>
Multiparts:		<none>
Body:			<none>
Response Status Code: 200
[
    {
        "id": 1,
        "name": "A to the Bodhisattva Way of Life",
        "author": "Santideva",
        "price": 20.00
    },
    {
        "id": 3,
        "name": "Refactoring: Improving the Design of Existing Code",
        "author": "Martin Fowler",
        "price": 47.99
    },
    {
        "id": 6,
        "name": "A to the Bodhisattva Way of Life",
        "author": "Santideva",
        "price": 15.41
    },
    {
        "id": 7,
        "name": "A to the Bodhisattva Way of Life",
        "author": "Santideva",
        "price": 15.41
    },
    {
        "id": 8,
        "name": "A to the Bodhisattva Way of Life",
        "author": "Santideva",
        "price": 15.41
    },
    {
        "id": 9,
        "name": "A to the Bodhisattva Way of Life",
        "author": "Santideva",
        "price": 15.41
    },
    {
        "id": 10,
        "name": "A to the Bodhisattva Way of Life",
        "author": "Santideva",
        "price": 15.41
    },
    {
        "id": 11,
        "name": "A to the Bodhisattva Way of Life",
        "author": "Santideva",
        "price": 15.41
    },
    {
        "id": 12,
        "name": "A to the Bodhisattva Way of Life",
        "author": "Santideva",
        "price": 15.41
    },
    {
        "id": 13,
        "name": "A to the Bodhisattva Way of Life",
        "author": "Santideva",
        "price": 15.41
    },
    {
        "id": 14,
        "name": "A to the Bodhisattva Way of Life",
        "author": "Santideva",
        "price": 15.41
    },
    {
        "id": 15,
        "name": "A to the Bodhisattva Way of Life",
        "author": "Santideva",
        "price": 15.41
    },
    {
        "id": 16,
        "name": "A to the Bodhisattva Way of Life",
        "author": "Santideva",
        "price": 15.41
    },
    {
        "id": 17,
        "name": "A to the Bodhisattva Way of Life",
        "author": "Santideva",
        "price": 15.41
    },
    {
        "id": 18,
        "name": "A to the Bodhisattva Way of Life",
        "author": "Santideva",
        "price": 15.41
    },
    {
        "id": 19,
        "name": "A to the Bodhisattva Way of Life",
        "author": "Santideva",
        "price": 15.41
    },
    {
        "id": 20,
        "name": "A to the Bodhisattva Way of Life",
        "author": "Santideva",
        "price": 15.41
    },
    {
        "id": 21,
        "name": "A to the Bodhisattva Way of Life",
        "author": "Santideva",
        "price": 15.41
    },
    {
        "id": 22,
        "name": "A to the Bodhisattva Way of Life",
        "author": "Santideva",
        "price": 15.41
    },
    {
        "id": 23,
        "name": "A to the Bodhisattva Way of Life",
        "author": "Santideva",
        "price": 15.41
    },
    {
        "id": 24,
        "name": "A to the Bodhisattva Way of Life",
        "author": "Santideva",
        "price": 15.41
    },
    {
        "id": 25,
        "name": "A to the Bodhisattva Way of Life",
        "author": "Santideva",
        "price": 15.41
    },
    {
        "id": 26,
        "name": "A to the Bodhisattva Way of Life",
        "author": "Santideva",
        "price": 15.41
    },
    {
        "id": 27,
        "name": "A to the Bodhisattva Way of Life",
        "author": "Santideva",
        "price": 15.41
    },
    {
        "id": 28,
        "name": "A to the Bodhisattva Way of Life",
        "author": "Santideva",
        "price": 15.41
    },
    {
        "id": 29,
        "name": "A to the Bodhisattva Way of Life",
        "author": "Santideva",
        "price": 15.41
    }
]
Response Body: [
    {
        "id": 1,
        "name": "A to the Bodhisattva Way of Life",
        "author": "Santideva",
        "price": 20.00
    },
    {
        "id": 3,
        "name": "Refactoring: Improving the Design of Existing Code",
        "author": "Martin Fowler",
        "price": 47.99
    },
    {
        "id": 6,
        "name": "A to the Bodhisattva Way of Life",
        "author": "Santideva",
        "price": 15.41
    },
    {
        "id": 7,
        "name": "A to the Bodhisattva Way of Life",
        "author": "Santideva",
        "price": 15.41
    },
    {
        "id": 8,
        "name": "A to the Bodhisattva Way of Life",
        "author": "Santideva",
        "price": 15.41
    },
    {
        "id": 9,
        "name": "A to the Bodhisattva Way of Life",
        "author": "Santideva",
        "price": 15.41
    },
    {
        "id": 10,
        "name": "A to the Bodhisattva Way of Life",
        "author": "Santideva",
        "price": 15.41
    },
    {
        "id": 11,
        "name": "A to the Bodhisattva Way of Life",
        "author": "Santideva",
        "price": 15.41
    },
    {
        "id": 12,
        "name": "A to the Bodhisattva Way of Life",
        "author": "Santideva",
        "price": 15.41
    },
    {
        "id": 13,
        "name": "A to the Bodhisattva Way of Life",
        "author": "Santideva",
        "price": 15.41
    },
    {
        "id": 14,
        "name": "A to the Bodhisattva Way of Life",
        "author": "Santideva",
        "price": 15.41
    },
    {
        "id": 15,
        "name": "A to the Bodhisattva Way of Life",
        "author": "Santideva",
        "price": 15.41
    },
    {
        "id": 16,
        "name": "A to the Bodhisattva Way of Life",
        "author": "Santideva",
        "price": 15.41
    },
    {
        "id": 17,
        "name": "A to the Bodhisattva Way of Life",
        "author": "Santideva",
        "price": 15.41
    },
    {
        "id": 18,
        "name": "A to the Bodhisattva Way of Life",
        "author": "Santideva",
        "price": 15.41
    },
    {
        "id": 19,
        "name": "A to the Bodhisattva Way of Life",
        "author": "Santideva",
        "price": 15.41
    },
    {
        "id": 20,
        "name": "A to the Bodhisattva Way of Life",
        "author": "Santideva",
        "price": 15.41
    },
    {
        "id": 21,
        "name": "A to the Bodhisattva Way of Life",
        "author": "Santideva",
        "price": 15.41
    },
    {
        "id": 22,
        "name": "A to the Bodhisattva Way of Life",
        "author": "Santideva",
        "price": 15.41
    },
    {
        "id": 23,
        "name": "A to the Bodhisattva Way of Life",
        "author": "Santideva",
        "price": 15.41
    },
    {
        "id": 24,
        "name": "A to the Bodhisattva Way of Life",
        "author": "Santideva",
        "price": 15.41
    },
    {
        "id": 25,
        "name": "A to the Bodhisattva Way of Life",
        "author": "Santideva",
        "price": 15.41
    },
    {
        "id": 26,
        "name": "A to the Bodhisattva Way of Life",
        "author": "Santideva",
        "price": 15.41
    },
    {
        "id": 27,
        "name": "A to the Bodhisattva Way of Life",
        "author": "Santideva",
        "price": 15.41
    },
    {
        "id": 28,
        "name": "A to the Bodhisattva Way of Life",
        "author": "Santideva",
        "price": 15.41
    },
    {
        "id": 29,
        "name": "A to the Bodhisattva Way of Life",
        "author": "Santideva",
        "price": 15.41
    }
]
Response Headers: Set-Cookie=JSESSIONID=B166EC4FEBE0E695139C9319698F3489; Path=/; HttpOnly
X-Content-Type-Options=nosniff
X-XSS-Protection=1; mode=block
Cache-Control=no-cache, no-store, max-age=0, must-revalidate
Pragma=no-cache
Expires=0
X-Frame-Options=DENY
Content-Type=application/json;charset=UTF-8
Transfer-Encoding=chunked
Date=Fri, 21 Mar 2025 18:15:30 GMT
]]></system-out>
  </testcase>
</testsuite>