<?xml version="1.0" encoding="UTF-8"?>
<!-- Generated by org.testng.reporters.JUnitReportReporter -->
<testsuite hostname="AcerSakriya07" failures="0" tests="1" name="com.test.MainTest" time="2.470" errors="0" timestamp="2025-03-21T14:07:55 EDT" skipped="0">
  <testcase classname="com.test.MainTest" name="verifyStatusCode" time="2.470"/>
</testsuite> <!-- com.test.MainTest -->
